app/build/intermediates/manifest_merge_blame_file/debug/manifest-merger-blame-debug-report.txt
1<?xml version="1.0" encoding="utf-8"?>
2<manifest xmlns:android="http://schemas.android.com/apk/res/android"
3    package="com.drpashu.lite"
4    android:versionCode="1"
5    android:versionName="1.0" >
6
7    <uses-sdk
8        android:minSdkVersion="21"
8-->src\main\AndroidManifest.xml
9        android:targetSdkVersion="32" />
9-->src\main\AndroidManifest.xml
10
11    <uses-permission android:name="android.permission.INTERNET" />
11-->[:Sdk] AndroidManifest.xml:9:5-67
11-->[:Sdk] AndroidManifest.xml:9:22-64
12    <uses-permission android:name="android.permission.USE_FULL_SCREEN_INTENT" />
12-->[:Sdk] AndroidManifest.xml:10:5-81
12-->[:Sdk] AndroidManifest.xml:10:22-78
13    <uses-permission android:name="android.permission.ACCESS_NETWORK_STATE" />
13-->[:Sdk] AndroidManifest.xml:11:5-79
13-->[:Sdk] AndroidManifest.xml:11:22-76
14    <uses-permission android:name="android.permission.VIBRATE" />
14-->[:Sdk] AndroidManifest.xml:12:5-66
14-->[:Sdk] AndroidManifest.xml:12:22-63
15    <uses-permission android:name="android.permission.CAMERA" />
15-->[:Sdk] AndroidManifest.xml:13:5-65
15-->[:Sdk] AndroidManifest.xml:13:22-62
16    <uses-permission android:name="android.permission.MODIFY_AUDIO_SETTINGS" />
16-->[:Sdk] AndroidManifest.xml:14:5-80
16-->[:Sdk] AndroidManifest.xml:14:22-77
17    <uses-permission android:name="android.permission.RECORD_AUDIO" />
17-->[:Sdk] AndroidManifest.xml:15:5-71
17-->[:Sdk] AndroidManifest.xml:15:22-68
18    <uses-permission android:name="android.permission.WAKE_LOCK" />
18-->[:Sdk] AndroidManifest.xml:16:5-68
18-->[:Sdk] AndroidManifest.xml:16:22-65
19
20    <application
20-->src\main\AndroidManifest.xml:6:5-25:19
21        android:allowBackup="true"
21-->src\main\AndroidManifest.xml:7:9-35
22        android:appComponentFactory="androidx.core.app.CoreComponentFactory"
22-->[androidx.core:core:1.8.0] AndroidManifest.xml:24:18-86
23        android:dataExtractionRules="@xml/data_extraction_rules"
23-->src\main\AndroidManifest.xml:8:9-65
24        android:debuggable="true"
25        android:fullBackupContent="@xml/backup_rules"
25-->src\main\AndroidManifest.xml:9:9-54
26        android:icon="@mipmap/ic_launcher"
26-->src\main\AndroidManifest.xml:10:9-43
27        android:label="@string/app_name"
27-->src\main\AndroidManifest.xml:11:9-41
28        android:roundIcon="@mipmap/ic_launcher_round"
28-->src\main\AndroidManifest.xml:12:9-54
29        android:supportsRtl="true"
29-->src\main\AndroidManifest.xml:13:9-35
30        android:testOnly="true"
31        android:theme="@style/Theme.DrPashuLite" >
31-->src\main\AndroidManifest.xml:14:9-49
32        <activity
32-->src\main\AndroidManifest.xml:16:9-24:20
33            android:name="com.drpashu.lite.MainActivity"
33-->src\main\AndroidManifest.xml:17:13-41
34            android:exported="true" >
34-->src\main\AndroidManifest.xml:18:13-36
35            <intent-filter>
35-->src\main\AndroidManifest.xml:19:13-23:29
36                <action android:name="android.intent.action.MAIN" />
36-->src\main\AndroidManifest.xml:20:17-69
36-->src\main\AndroidManifest.xml:20:25-66
37
38                <category android:name="android.intent.category.LAUNCHER" />
38-->src\main\AndroidManifest.xml:22:17-77
38-->src\main\AndroidManifest.xml:22:27-74
39            </intent-filter>
40        </activity>
41        <activity
41-->[:Sdk] AndroidManifest.xml:19:9-22:58
42            android:name="com.drpashu.sdk.activity.HomeActivity"
42-->[:Sdk] AndroidManifest.xml:20:13-65
43            android:exported="false"
43-->[:Sdk] AndroidManifest.xml:21:13-37
44            android:theme="@style/Theme.MlBrains.Data" />
44-->[:Sdk] AndroidManifest.xml:22:13-55
45
46        <meta-data
46-->[:Sdk] AndroidManifest.xml:24:9-26:57
47            android:name="preloaded_fonts"
47-->[:Sdk] AndroidManifest.xml:25:13-43
48            android:resource="@array/preloaded_fonts" />
48-->[:Sdk] AndroidManifest.xml:26:13-54
49
50        <provider
50-->[androidx.emoji2:emoji2:1.2.0] AndroidManifest.xml:24:9-32:20
51            android:name="androidx.startup.InitializationProvider"
51-->[androidx.emoji2:emoji2:1.2.0] AndroidManifest.xml:25:13-67
52            android:authorities="com.drpashu.lite.androidx-startup"
52-->[androidx.emoji2:emoji2:1.2.0] AndroidManifest.xml:26:13-68
53            android:exported="false" >
53-->[androidx.emoji2:emoji2:1.2.0] AndroidManifest.xml:27:13-37
54            <meta-data
54-->[androidx.emoji2:emoji2:1.2.0] AndroidManifest.xml:29:13-31:52
55                android:name="androidx.emoji2.text.EmojiCompatInitializer"
55-->[androidx.emoji2:emoji2:1.2.0] AndroidManifest.xml:30:17-75
56                android:value="androidx.startup" />
56-->[androidx.emoji2:emoji2:1.2.0] AndroidManifest.xml:31:17-49
57            <meta-data
57-->[androidx.lifecycle:lifecycle-process:2.4.1] AndroidManifest.xml:31:13-33:52
58                android:name="androidx.lifecycle.ProcessLifecycleInitializer"
58-->[androidx.lifecycle:lifecycle-process:2.4.1] AndroidManifest.xml:32:17-78
59                android:value="androidx.startup" />
59-->[androidx.lifecycle:lifecycle-process:2.4.1] AndroidManifest.xml:33:17-49
60        </provider>
61
62        <uses-library
62-->[androidx.window:window:1.0.0] AndroidManifest.xml:25:9-27:40
63            android:name="androidx.window.extensions"
63-->[androidx.window:window:1.0.0] AndroidManifest.xml:26:13-54
64            android:required="false" />
64-->[androidx.window:window:1.0.0] AndroidManifest.xml:27:13-37
65        <uses-library
65-->[androidx.window:window:1.0.0] AndroidManifest.xml:28:9-30:40
66            android:name="androidx.window.sidecar"
66-->[androidx.window:window:1.0.0] AndroidManifest.xml:29:13-51
67            android:required="false" />
67-->[androidx.window:window:1.0.0] AndroidManifest.xml:30:13-37
68
69        <provider
69-->[com.squareup.picasso:picasso:2.71828] AndroidManifest.xml:8:9-11:40
70            android:name="com.squareup.picasso.PicassoProvider"
70-->[com.squareup.picasso:picasso:2.71828] AndroidManifest.xml:9:13-64
71            android:authorities="com.drpashu.lite.com.squareup.picasso"
71-->[com.squareup.picasso:picasso:2.71828] AndroidManifest.xml:10:13-72
72            android:exported="false" />
72-->[com.squareup.picasso:picasso:2.71828] AndroidManifest.xml:11:13-37
73    </application>
74
75</manifest>